+ cat
+ set -x
+ cp ./outputs/ethylene.inp ./tmp-ethylene-7706/ethylene.dat
+ cd ./tmp-ethylene-7706
+ run_mopac7 ethylene
starting mopac7 job ethylene
mopac7 job ethylene finished
+ tree ./tmp-ethylene-7706
./tmp-ethylene-7706
├── ethylene.arc
├── ethylene.dat
├── ethylene.log
└── ethylene.OUT

0 directories, 4 files
+ mv ./tmp-ethylene-7706/ethylene.OUT ./outputs/ethylene.out
+ cat ./tmp-ethylene-7706/ethylene.log
 UHF PULAY MINDO3 VECTORS DENSITY LOCAL T=300
  EXAMPLE OF DATA FOR MOPAC
    MINDO/3 UHF CLOSED-SHELL D2D ETHYLENE


                     SUMMARY OF MINDO/3 CALCULATION

                                                            VERSION  7.01


  C2  H4 
                                                       Fri Jul 18 16:44:23 2014
 UHF PULAY MINDO3 VECTORS DENSITY LOCAL T=300
  EXAMPLE OF DATA FOR MOPAC
    MINDO/3 UHF CLOSED-SHELL D2D ETHYLENE


     GRADIENTS WERE INITIALLY ACCEPTABLY SMALL                
     SCF FIELD WAS ACHIEVED                                   


          HEAT OF FORMATION       =        55.952593 KCAL
          ELECTRONIC ENERGY       =      -713.991148 EV
          CORE-CORE REPULSION     =       403.599493 EV
          DIPOLE                  =         0.00007 DEBYE
          (SZ)                    =         0.000000
          (S**2)                  =         1.050938
          NO. OF ALPHA ELECTRONS  =         6
          NO. OF BETA  ELECTRONS  =         6
          IONIZATION POTENTIAL    =         8.994476 EV
          MOLECULAR WEIGHT        =        28.054
          SCF CALCULATIONS        =         2
          COMPUTATION TIME =   0.004 SECONDS


          FINAL GEOMETRY OBTAINED                                    CHARGE
 UHF PULAY MINDO3 VECTORS DENSITY LOCAL T=300
  EXAMPLE OF DATA FOR MOPAC
    MINDO/3 UHF CLOSED-SHELL D2D ETHYLENE
  C    0.0000000  0      0.000000  0      0.000000  0    0    0    0     -0.0460
  C    1.4001180  1      0.000000  0      0.000000  0    1    0    0     -0.0459
  H    1.0983260  1    123.572063  1      0.000000  0    2    1    0      0.0230
  H    1.0983260  1    123.572063  1    180.000000  0    2    1    3      0.0230
  H    1.0983260  1    123.572063  1     90.000000  0    1    2    3      0.0230
  H    1.0983260  1    123.572063  1    -90.000000  0    1    2    3      0.0230

+ rm -rf ./tmp-ethylene-7706
