 *******************************************************************************
 ** MOPAC FOR LINUX (PUBLIC DOMAIN VERSION)  MTA ATOMKI, Debrecen, 95-JUN-21  **
 *******************************************************************************

                             MINDO/3 CALCULATION RESULTS


 *******************************************************************************
 *          MOPAC:  VERSION  7.01               CALC'D. Fri Jul 18 16:47:18 2014
 *  VECTORS  - FINAL EIGENVECTORS TO BE PRINTED
 *  DENSITY  - FINAL DENSITY MATRIX TO BE PRINTED
 *  LOCALIZE - LOCALIZED ORBITALS TO BE PRINTED
 *  UHF      - UNRESTRICTED HARTREE-FOCK CALCULATION
 *   T=      - A TIME OF   300.0 SECONDS REQUESTED
 *  DUMP=N   - RESTART FILE WRITTEN EVERY  3600.0 SECONDS
 *  MINDO/3  - THE MINDO/3 HAMILTONIAN TO BE USED
 *  PULAY    - PULAY'S METHOD TO BE USED IN SCF
 ***********************************************************************050BY060
 UHF PULAY MINDO3 VECTORS DENSITY LOCAL T=300
  EXAMPLE OF DATA FOR MOPAC
    MINDO/3 UHF CLOSED-SHELL D2D ETHYLENE

    ATOM   CHEMICAL  BOND LENGTH    BOND ANGLE     TWIST ANGLE
   NUMBER  SYMBOL    (ANGSTROMS)     (DEGREES)      (DEGREES)
    (I)                  NA:I          NB:NA:I      NC:NB:NA:I     NA   NB   NC

      1      C       
      2      C         1.40012  *                                  1
      3      H         1.09833  *     123.57206  *                 2    1
      4      H         1.09833  *     123.57206  *  180.00000      2    1    3
      5      H         1.09833  *     123.57206  *   90.00000      1    2    3
      6      H         1.09833  *     123.57206  *  -90.00000      1    2    3


          CARTESIAN COORDINATES 

    NO.       ATOM         X         Y         Z

     1         C        0.0000    0.0000    0.0000
     2         C        1.4001    0.0000    0.0000
     3         H        2.0075    0.9151    0.0000
     4         H        2.0075   -0.9151    0.0000
     5         H       -0.6074    0.0000   -0.9151
     6         H       -0.6074   -0.0000    0.9151
 == symtrz.f SYMAN1 ==
 == symtrz.f R00001 ==
 == symtrz.f R00006 ==
 == symtrz.f R00006 ==
 == symtrz.f R00006 ==
 == symtrz.f R00006 ==
 == symtrz.f R00006 ==
 == symtrz.f R00006 ==
 == symtrz.f R00006 ==
 == symtrz.f R00006 ==
 == symtrz.f R00004 ==
 == symtrz.f R00006 ==
 == symtrz.f R00006 ==
 == symtrz.f R00006 ==
 == symtrz.f R00006 ==
 == symtrz.f R00006 ==
 == symtrz.f R00006 ==
 == symtrz.f R00006 ==
 == symtrz.f R00004 ==
 == symtrz.f R00006 ==
 == symtrz.f R00006 ==
 == symtrz.f R00006 ==
 == symtrz.f R00006 ==
 == symtrz.f R00006 ==
 == symtrz.f R00015 ==
 == symtrz.f R00005 ==
 == symtrz.f R00007 ==
 == symtrz.f R00007 ==
 == symtrz.f R00007 ==
 == symtrz.f R00007 ==
 == symtrz.f R00007 ==
 == symtrz.f R00007 ==
 == symtrz.f R00007 ==
 == symtrz.f R00007 ==
 == symtrz.f R00007 ==
 == symtrz.f R00007 ==
 == symtrz.f R00007 ==
 == symtrz.f R00002 ==
 == symtrz.f R00005 ==
 == symtrz.f R00005 ==
 == symtrz.f R00007 ==
 == symtrz.f R00007 ==
 == symtrz.f R00002 ==
 == symtrz.f R00005 ==
 == symtrz.f R00005 ==
 == symtrz.f R00007 ==
 == symtrz.f R00007 ==
 == symtrz.f R00007 ==
 == symtrz.f R00007 ==
 == symtrz.f R00007 ==
 == symtrz.f R00007 ==
 == symtrz.f R00007 ==
 == symtrz.f R00007 ==
 == symtrz.f R00005 ==
 == symtrz.f R00008 ==
 == symtrz.f R00009 ==
 == symtrz.f R00005 ==
 == symtrz.f R00006 ==
 == symtrz.f R00006 ==
 == symtrz.f R00006 ==
 == symtrz.f R00006 ==
 == symtrz.f R00007 ==
 == symtrz.f R00007 ==
 == symtrz.f R00007 ==
 == symtrz.f R00007 ==
 == symtrz.f R00005 ==
 == symtrz.f R00016 ==


     MOLECULAR POINT GROUP   :   D2D 
  H: (MINDO/3): R.C.BINGHAM ET.AL., J.AM.CHEM.SOC. 97,1285,1294,1302,1307 (1975)
  C: (MINDO/3): R.C.BINGHAM ET.AL., J.AM.CHEM.SOC. 97,1285,1294,1302,1307 (1975)


          UHF CALCULATION, NO. OF ALPHA ELECTRONS =  6
                           NO. OF BETA  ELECTRONS =  6


            INTERATOMIC DISTANCES
0
                  C  1       C  2       H  3       H  4       H  5       H  6
 ------------------------------------------------------------------------------
     C    1   0.000000
     C    2   1.400118   0.000000
     H    3   2.206218   1.098326   0.000000
     H    4   2.206218   1.098326   1.830231   0.000000
     H    5   1.098326   2.206218   2.917573   2.917573   0.000000
     H    6   1.098326   2.206218   2.917573   2.917573   1.830231   0.000000

 -------------------------------------------------------------------------------
 UHF PULAY MINDO3 VECTORS DENSITY LOCAL T=300
  EXAMPLE OF DATA FOR MOPAC
    MINDO/3 UHF CLOSED-SHELL D2D ETHYLENE


     GRADIENTS WERE INITIALLY ACCEPTABLY SMALL                
     SCF FIELD WAS ACHIEVED                                   


                              MINDO/3  CALCULATION
                                                       VERSION  7.01
                                                       Fri Jul 18 16:47:18 2014




          FINAL HEAT OF FORMATION =         55.95259 KCAL


          TOTAL ENERGY            =       -310.39166 EV
          ELECTRONIC ENERGY       =       -713.99115 EV
          CORE-CORE REPULSION     =        403.59949 EV

          IONIZATION POTENTIAL    =          8.99448
          NO. OF ALPHA ELECTRONS  =          6
          NO. OF BETA  ELECTRONS  =          6
          MOLECULAR WEIGHT        =     28.054


          SCF CALCULATIONS  =                2
          COMPUTATION TIME =   0.000 SECONDS





    ATOM   CHEMICAL  BOND LENGTH    BOND ANGLE     TWIST ANGLE
   NUMBER  SYMBOL    (ANGSTROMS)     (DEGREES)      (DEGREES)
    (I)                  NA:I          NB:NA:I      NC:NB:NA:I     NA   NB   NC

      1      C       
      2      C         1.40012  *                                  1
      3      H         1.09833  *     123.57206  *                 2    1
      4      H         1.09833  *     123.57206  *  180.00000      2    1    3
      5      H         1.09833  *     123.57206  *   90.00000      1    2    3
      6      H         1.09833  *     123.57206  *  -90.00000      1    2    3


            INTERATOMIC DISTANCES
0
                  C  1       C  2       H  3       H  4       H  5       H  6
 ------------------------------------------------------------------------------
     C    1   0.000000
     C    2   1.400118   0.000000
     H    3   2.206218   1.098326   0.000000
     H    4   2.206218   1.098326   1.830231   0.000000
     H    5   1.098326   2.206218   2.917573   2.917573   0.000000
     H    6   1.098326   2.206218   2.917573   2.917573   1.830231   0.000000
 == symtrz.f SYMAN1 ==
 == symtrz.f R00001 ==
 == symtrz.f R00006 ==
 == symtrz.f R00006 ==
 == symtrz.f R00006 ==
 == symtrz.f R00006 ==
 == symtrz.f R00006 ==
 == symtrz.f R00006 ==
 == symtrz.f R00006 ==
 == symtrz.f R00006 ==
 == symtrz.f R00004 ==
 == symtrz.f R00006 ==
 == symtrz.f R00006 ==
 == symtrz.f R00006 ==
 == symtrz.f R00006 ==
 == symtrz.f R00006 ==
 == symtrz.f R00006 ==
 == symtrz.f R00006 ==
 == symtrz.f R00004 ==
 == symtrz.f R00006 ==
 == symtrz.f R00006 ==
 == symtrz.f R00006 ==
 == symtrz.f R00006 ==
 == symtrz.f R00006 ==
 == symtrz.f R00015 ==
 == symtrz.f R00005 ==
 == symtrz.f R00007 ==
 == symtrz.f R00007 ==
 == symtrz.f R00007 ==
 == symtrz.f R00007 ==
 == symtrz.f R00007 ==
 == symtrz.f R00007 ==
 == symtrz.f R00007 ==
 == symtrz.f R00007 ==
 == symtrz.f R00007 ==
 == symtrz.f R00007 ==
 == symtrz.f R00007 ==
 == symtrz.f R00002 ==
 == symtrz.f R00005 ==
 == symtrz.f R00005 ==
 == symtrz.f R00007 ==
 == symtrz.f R00007 ==
 == symtrz.f R00002 ==
 == symtrz.f R00005 ==
 == symtrz.f R00005 ==
 == symtrz.f R00007 ==
 == symtrz.f R00007 ==
 == symtrz.f R00007 ==
 == symtrz.f R00007 ==
 == symtrz.f R00007 ==
 == symtrz.f R00007 ==
 == symtrz.f R00007 ==
 == symtrz.f R00007 ==
 == symtrz.f R00005 ==
 == symtrz.f R00008 ==
 == symtrz.f R00009 ==
 == symtrz.f R00005 ==
 == symtrz.f R00006 ==
 == symtrz.f R00006 ==
 == symtrz.f R00006 ==
 == symtrz.f R00006 ==
 == symtrz.f R00007 ==
 == symtrz.f R00007 ==
 == symtrz.f R00007 ==
 == symtrz.f R00007 ==
 == symtrz.f R00005 ==
 == symtrz.f R00016 ==
 == symtrz.f SYMAN2 ==
 == symtrz.f R00010 ==
 == symtrz.f R00011 ==
 == symtrz.f R00011 ==
 == symtrz.f R00011 ==
 == symtrz.f R00011 ==
 == symtrz.f R00011 ==
 == symtrz.f R00011 ==
 == symtrz.f R00011 ==
 == symtrz.f R00011 ==
 == symtrz.f R00011 ==
 == symtrz.f R00011 ==
 == symtrz.f R00011 ==
 == symtrz.f R00011 ==
 == symtrz.f R00011 ==
 == symtrz.f R00011 ==
 == symtrz.f R00011 ==
 == symtrz.f R00011 ==
 == symtrz.f R00011 ==
 == symtrz.f R00011 ==
 == symtrz.f R00011 ==
 == symtrz.f R00011 ==
 == symtrz.f R00011 ==
 == symtrz.f R00011 ==
 == symtrz.f R00011 ==
 == symtrz.f R00011 ==
 == symtrz.f R00011 ==
 == symtrz.f R00011 ==
 == symtrz.f R00011 ==
 == symtrz.f R00011 ==
 == symtrz.f R00011 ==
 == symtrz.f R00011 ==
 == symtrz.f R00011 ==
 == symtrz.f R00011 ==
 == symtrz.f R00011 ==
 == symtrz.f R00011 ==
 == symtrz.f R00011 ==
 == symtrz.f R00011 ==
 == symtrz.f R00011 ==
 == symtrz.f R00011 ==
 == symtrz.f R00011 ==
 == symtrz.f R00011 ==
 == symtrz.f R00011 ==
 == symtrz.f R00011 ==
 == symtrz.f R00011 ==
 == symtrz.f R00011 ==
 == symtrz.f R00011 ==
 == symtrz.f R00011 ==
 == symtrz.f R00011 ==
 == symtrz.f R00011 ==
 == symtrz.f R00011 ==
 == symtrz.f R00011 ==
 == symtrz.f R00011 ==
 == symtrz.f R00011 ==
 == symtrz.f R00011 ==
 == symtrz.f R00011 ==
 == symtrz.f R00011 ==
 == symtrz.f R00011 ==
 == symtrz.f R00011 ==
 == symtrz.f R00011 ==
 == symtrz.f R00011 ==
 == symtrz.f R00011 ==


      MOLECULAR POINT GROUP   :   D2D 


          ALPHA EIGENVECTORS  


   Root No.    1       2       3       4       5       6       7       8

              1 A1    1 B2    1 E     1 E     2 A1    2 E     2 E     2 B2  

           -30.464 -20.761 -13.994 -13.730 -12.806  -8.994   1.314   2.501
  
  S   C  1  0.6946  0.4441 -0.0000  0.0000 -0.0479  0.0000  0.0000 -0.4814
  Px  C  1  0.1325 -0.3062  0.0000 -0.0000 -0.6110 -0.0000  0.0000  0.0897
  Py  C  1 -0.0000 -0.0000 -0.3973 -0.0000 -0.0000  0.8997  0.0000  0.0000
  Pz  C  1 -0.0000 -0.0000  0.0001 -0.7061  0.0000 -0.0000 -0.1575 -0.0000
  S   C  2  0.5664 -0.5225  0.0000  0.0000 -0.0395 -0.0000 -0.0000  0.4133
  Px  C  2 -0.1573 -0.2497 -0.0000  0.0000  0.5469  0.0000  0.0000 -0.0499
  Py  C  2  0.0000 -0.0000 -0.6123 -0.0001 -0.0000 -0.1131 -0.0000  0.0000
  Pz  C  2 -0.0000 -0.0000  0.0000 -0.2104  0.0000  0.0000 -0.8843 -0.0000
  S   H  3  0.1838 -0.3372 -0.4834 -0.0000  0.2942 -0.2981 -0.0000 -0.2956
  S   H  4  0.1838 -0.3372  0.4834  0.0000  0.2942  0.2981  0.0000 -0.2956
  S   H  5  0.2084  0.2704 -0.0000  0.4781  0.2745  0.0000 -0.3109  0.4540
  S   H  6  0.2084  0.2704  0.0000 -0.4781  0.2745 -0.0000  0.3108  0.4540


   Root No.    9      10      11      12

              3 A1    3 E     3 E     3 B2  

             3.896   4.644   4.662   5.996
  
  S   C  1 -0.2044  0.0000 -0.0000 -0.2108
  Px  C  1  0.3540 -0.0000  0.0000 -0.6181
  Py  C  1  0.0000  0.1808  0.0002 -0.0000
  Pz  C  1  0.0000  0.0008 -0.6904  0.0000
  S   C  2 -0.4206  0.0000 -0.0000  0.2384
  Px  C  2 -0.3870  0.0000 -0.0000 -0.6794
  Py  C  2 -0.0000 -0.7825 -0.0009  0.0000
  Pz  C  2 -0.0000 -0.0005  0.4169 -0.0000
  S   H  3  0.4089  0.4213  0.0005  0.1070
  S   H  4  0.4089 -0.4213 -0.0005  0.1070
  S   H  5  0.2931  0.0005 -0.4180 -0.1269
  S   H  6  0.2931 -0.0005  0.4181 -0.1269


           BETA EIGENVECTORS  


   Root No.    1       2       3       4       5       6       7       8

              1 A1    1 B2    1 E     1 E     2 A1    2 E     2 E     2 B2  

           -30.464 -20.761 -13.994 -13.730 -12.806  -8.994   1.314   2.501
  
  S   C  1  0.5664 -0.5225 -0.0000  0.0000 -0.0395 -0.0000  0.0000  0.4133
  Px  C  1  0.1573  0.2497  0.0000  0.0000 -0.5469  0.0000  0.0000  0.0499
  Py  C  1  0.0000  0.0000  0.0000 -0.2104 -0.0000  0.0001 -0.8843  0.0000
  Pz  C  1 -0.0000  0.0000 -0.6123 -0.0001  0.0000 -0.1131  0.0000 -0.0000
  S   C  2  0.6946  0.4441 -0.0000  0.0000 -0.0479  0.0000 -0.0000 -0.4814
  Px  C  2 -0.1325  0.3062  0.0000 -0.0000  0.6110 -0.0000 -0.0000 -0.0897
  Py  C  2 -0.0000  0.0000  0.0001 -0.7060 -0.0000  0.0000 -0.1576 -0.0000
  Pz  C  2  0.0000 -0.0000 -0.3973 -0.0001  0.0000  0.8997  0.0001  0.0000
  S   H  3  0.2084  0.2704  0.0001 -0.4782  0.2745 -0.0001  0.3109  0.4540
  S   H  4  0.2084  0.2704 -0.0001  0.4781  0.2746  0.0000 -0.3108  0.4540
  S   H  5  0.1838 -0.3372  0.4834  0.0001  0.2942  0.2981 -0.0000 -0.2956
  S   H  6  0.1838 -0.3372 -0.4833 -0.0001  0.2942 -0.2981 -0.0000 -0.2956


   Root No.    9      10      11      12

              3 A1    3 E     3 E     3 B2  

             3.896   4.644   4.662   5.996
  
  S   C  1 -0.4207 -0.0000  0.0000 -0.2384
  Px  C  1  0.3870 -0.0000  0.0000 -0.6794
  Py  C  1  0.0000 -0.0007 -0.4169 -0.0000
  Pz  C  1  0.0000 -0.7825  0.0012 -0.0000
  S   C  2 -0.2044 -0.0000 -0.0000  0.2108
  Px  C  2 -0.3540 -0.0000 -0.0000 -0.6181
  Py  C  2 -0.0000  0.0010  0.6904  0.0000
  Pz  C  2  0.0000  0.1808 -0.0003 -0.0000
  S   H  3  0.2931 -0.0006 -0.4180  0.1269
  S   H  4  0.2931  0.0007  0.4181  0.1269
  S   H  5  0.4089 -0.4213  0.0007 -0.1070
  S   H  6  0.4089  0.4213 -0.0006 -0.1070


              NET ATOMIC CHARGES AND DIPOLE CONTRIBUTIONS

         ATOM NO.   TYPE          CHARGE        ATOM  ELECTRON DENSITY
           1          C          -0.0460          4.0460
           2          C          -0.0459          4.0459
           3          H           0.0230          0.9770
           4          H           0.0230          0.9770
           5          H           0.0230          0.9770
           6          H           0.0230          0.9770
 DIPOLE           X         Y         Z       TOTAL
 POINT-CHG.    -0.000     0.000     0.000     0.000
 HYBRID         0.000     0.000    -0.000     0.000
 SUM           -0.000     0.000     0.000     0.000


          CARTESIAN COORDINATES 

    NO.       ATOM               X         Y         Z

     1         C                  0.0000    0.0000    0.0000
     2         C                  1.4001    0.0000    0.0000
     3         H                  2.0075    0.9151    0.0000
     4         H                  2.0075   -0.9151    0.0000
     5         H                 -0.6074    0.0000   -0.9151
     6         H                 -0.6074   -0.0000    0.9151


                     DENSITY MATRIX IS 
0
               S  C  1   PX  C  1   PY  C  1   PZ  C  1    S  C  2   PX  C  2
 ------------------------------------------------------------------------------
  S  C    1   1.277416
 PX  C    1  -0.034552   0.870775
 PY  C    1  -0.000001   0.000011   1.011556
 PZ  C    1  -0.000002  -0.000011   0.000009   0.886205
  S  C    2   0.326491   0.505489   0.000005  -0.000002   1.277418
 PX  C    2  -0.505497  -0.556980  -0.000012   0.000003   0.034550   0.870772
 PY  C    2  -0.000007  -0.000003   0.290016  -0.000004  -0.000002   0.000002
 PZ  C    2  -0.000002  -0.000006   0.000083   0.290033   0.000005  -0.000007
  S  H    3  -0.070239  -0.101963   0.024403  -0.000010   0.520375   0.439074
  S  H    4  -0.070246  -0.101958  -0.024406   0.000011   0.520371   0.439078
  S  H    5   0.520363  -0.439076  -0.000002  -0.667263  -0.070244   0.101964
  S  H    6   0.520375  -0.439086  -0.000024   0.667259  -0.070238   0.101958
0
              PY  C  2   PZ  C  2    S  H  3    S  H  4    S  H  5    S  H  6
 ------------------------------------------------------------------------------
 PY  C    2   0.886181
 PZ  C    2   0.000039   1.011557
  S  H    3   0.667267  -0.000060   0.977035
  S  H    4  -0.667264   0.000054  -0.125227   0.977036
  S  H    5  -0.000002  -0.024405   0.055784   0.055799   0.977030
  S  H    6  -0.000002   0.024399   0.055807   0.055776  -0.125214   0.977017


                    (SZ)    =  0.000000
                    (S**2)  =  1.050938


          ATOMIC ORBITAL SPIN POPULATIONS

   0.08667   0.09845   0.92305   0.11082  -0.08667  -0.09845  -0.11079  -0.92304
   0.13597   0.13598  -0.13603  -0.13597

          NUMBER OF ITERATIONS =   6
          LOCALISATION VALUE =   3.397046250

   NUMBER OF CENTERS              (COMPOSITION OF ORBITALS)


    2.0199   C   1 54.45   C   2 44.56
    2.0624   C   1 55.81   H   5 41.57   C   2  2.47
    2.0624   C   1 55.81   H   6 41.57   C   2  2.47
    2.0079   H   3 54.49   C   2 44.85
    2.0079   H   4 54.49   C   2 44.85
    1.0682   C   1 96.73   C   2  2.15


                     LOCALIZED ORBITALS 






    ROOT NO.    1           2           3           4           5           6

           -22.17943   -17.60785   -17.60745   -16.76361   -16.76346    -9.82707
  
  
  S  C   1  -0.51040    -0.45735    -0.45732     0.04013     0.04013    -0.00001
 PX  C   1  -0.53292     0.31571     0.31570     0.02520     0.02520     0.00001
 PY  C   1   0.00000     0.00000     0.00001     0.00317    -0.00317    -0.98351
 PZ  C   1  -0.00001     0.49925    -0.49926     0.00000     0.00000    -0.00001
  
  S  C   2  -0.47140     0.04690     0.04690    -0.42940    -0.42939     0.00000
 PX  C   2   0.47263    -0.01943    -0.01944    -0.28463    -0.28462     0.00000
 PY  C   2   0.00000     0.00000     0.00000    -0.42790     0.42790    -0.14663
 PZ  C   2  -0.00000     0.14875    -0.14876     0.00001    -0.00001    -0.00002
  
  S  H   3   0.04642    -0.01620    -0.01621    -0.73814     0.05796     0.07489
  
  S  H   4   0.04642    -0.01621    -0.01620     0.05796    -0.73815    -0.07489
  
  S  H   5   0.05280    -0.64474     0.03145    -0.02280    -0.02280    -0.00000
  
  S  H   6   0.05280     0.03144    -0.64476    -0.02280    -0.02279     0.00000


           LOCALIZED BETA MOLECULAR ORBITALS

          NUMBER OF ITERATIONS =   5
          LOCALISATION VALUE =   3.397035579

   NUMBER OF CENTERS              (COMPOSITION OF ORBITALS)


    2.0199   C   2 54.45   C   1 44.56
    2.0624   C   2 55.81   H   3 41.57   C   1  2.47
    2.0624   C   2 55.81   H   4 41.57   C   1  2.47
    2.0079   H   6 54.48   C   1 44.85
    2.0079   H   5 54.49   C   1 44.85
    1.0682   C   2 96.73   C   1  2.15


                     LOCALIZED ORBITALS 






    ROOT NO.    1           2           3           4           5           6

           -22.17961   -17.60765   -17.60765   -16.76363   -16.76326    -9.82711
  
  
  S  C   1   0.47141    -0.04690     0.04690    -0.42941    -0.42936     0.00001
 PX  C   1   0.47263    -0.01944     0.01943     0.28465     0.28462     0.00000
 PY  C   1   0.00002     0.14875     0.14875     0.00002     0.00001     0.00009
 PZ  C   1  -0.00002    -0.00002    -0.00002    -0.42789     0.42790     0.14663
  
  S  C   2   0.51041     0.45733    -0.45734     0.04013     0.04014     0.00002
 PX  C   2  -0.53291     0.31571    -0.31571    -0.02519    -0.02521    -0.00001
 PY  C   2  -0.00001     0.49924     0.49924     0.00001     0.00000     0.00011
 PZ  C   2  -0.00002    -0.00007    -0.00005     0.00317    -0.00318     0.98350
  
  S  H   3  -0.05279     0.64476     0.03145    -0.02280    -0.02280    -0.00001
  
  S  H   4  -0.05280    -0.03145    -0.64476    -0.02279    -0.02280     0.00001
  
  S  H   5  -0.04642     0.01620    -0.01621     0.05795    -0.73816     0.07489
  
  S  H   6  -0.04642     0.01622    -0.01620    -0.73813     0.05797    -0.07490



 TOTAL CPU TIME:             0.00 SECONDS

 == MOPAC DONE ==
